Arguments: 
  /Users/ahmed/.nvm/versions/node/v16.14.2/bin/node /Users/ahmed/.nvm/versions/node/v16.14.2/bin/yarn install

PATH: 
  /Users/ahmed/.rvm/gems/ruby-3.0.0/bin:/Users/ahmed/.rvm/gems/ruby-3.0.0@global/bin:/Users/ahmed/.rvm/rubies/ruby-3.0.0/bin:/usr/local/opt/libpq/bin:/usr/local/opt/libpq/bin:/Users/ahmed/.nvm/versions/node/v16.14.2/bin:/Library/Frameworks/Python.framework/Versions/3.9/bin:/usr/local/bin:/System/Cryptexes/App/usr/bin:/usr/bin:/bin:/usr/sbin:/sbin:/Applications/VMware Fusion.app/Contents/Public:/usr/local/mysql/bin:/Users/ahmed/Downloads/monero-x86_64-apple-darwin11-v0.17.3.2/:/Users/ahmed/.rvm/bin

Yarn version: 
  1.22.18

Node version: 
  16.14.2

Platform: 
  darwin x64

Trace: 
  Error: EACCES: permission denied, unlink '/Users/ahmed/temp/client/webapp/node_modules/.bin/autoprefixer'

npm manifest: 
  {
    "name": "root",
    "private": true,
    "scripts": {
      "dev": "lerna run dev"
    },
    "workspaces": [
      "packages/*",
      "webapp"
    ],
    "devDependencies": {
      "lerna": "^6.4.1"
    }
  }

yarn manifest: 
  No manifest

Lockfile: 
  No lockfile
