{"form":{"crediential":"ahmed@ahmed.com","password":"ahmed","remember_me":false},"level":"info","message":"Someone trying to login."}
{"form":{"crediential":"ahmed@ahmed.com","password":"ahmed","remember_me":false},"level":"info","message":"Logging success."}
{"form":{"crediential":"ahmed@avhmed.com","password":"ahmed","remember_me":false},"level":"info","message":"Someone trying to login."}
{"form":{"crediential":"ahmed@avhmed.com","password":"ahmed","remember_me":false},"level":"info","message":"Someone trying to login."}
{"form":{"crediential":"admin@admin.com","password":"admin","remember_me":false},"level":"info","message":"Someone trying to login."}
{"form":{"crediential":"admin@admin.com","password":"admin","remember_me":false},"level":"info","message":"Logging success."}
{"form":{"crediential":"admin@admin.com","password":"admin","remember_me":false},"level":"info","message":"Someone trying to login."}
{"form":{"crediential":"admin@admin.com","password":"admin","remember_me":false},"level":"info","message":"Logging success."}
{"form":{"crediential":"admin@admin.com","password":"admin","remember_me":false},"level":"info","message":"Someone trying to login."}
{"form":{"crediential":"admin@admin.com","password":"admin","remember_me":false},"level":"info","message":"Someone trying to login."}
{"form":{"crediential":"admin@admin.com","password":"admin","remember_me":false},"level":"info","message":"Logging success."}
{"form":{"organization_name":"Linkedin","first_name":"ahmed","last_name":"mohamed","email":"asd@asd.com","password":"asdasdasd","country":"libya","phone_number":"0927918391"},"level":"info","message":"Someone trying to register."}
{"organizationId":"jm2q3mfk9brgewi","level":"info","message":"New tenant has been created."}
{"form":{"organization_name":"Linkedin","first_name":"ahmed","last_name":"mohamed","email":"asd@asd.com","password":"asdasdasd","country":"libya","phone_number":"0927918391"},"level":"info","message":"Someone trying to register."}
{"form":{"crediential":"asd@asd.com","password":"asdasd"},"level":"info","message":"Someone trying to login."}
{"form":{"crediential":"asd@asd.com","password":"asdasdasd"},"level":"info","message":"Someone trying to login."}
{"form":{"crediential":"asd@asd.com","password":"asdasdasd"},"level":"info","message":"Logging success."}
{"form":{"crediential":"asd@asd.com","password":"asdasdasd"},"level":"info","message":"Someone trying to login."}
{"form":{"crediential":"asd@asd.com","password":"asdasdasd"},"level":"info","message":"Logging success."}
{"form":{"organization_name":"Linkedin","first_name":"ahmed","last_name":"mohamed","email":"asd@asd.com","password":"asdasdasd","country":"libya","phone_number":"0927918391"},"level":"info","message":"Someone trying to register."}
{"form":{"crediential":"admin@admin.com","password":"asdasd","remember_me":false},"level":"info","message":"Someone trying to login."}
{"form":{"crediential":"admin@admin.com","password":"admin","remember_me":false},"level":"info","message":"Someone trying to login."}
{"form":{"crediential":"admin@admin.com","password":"admin","remember_me":false},"level":"info","message":"Logging success."}
{"form":{"email":"ahmed@ahmed.com"},"level":"info","message":"User trying to send reset password."}
{"form":{"email":"ahmed@ahmed.com"},"level":"info","message":"User trying to send reset password."}
{"form":{"email":"ahmed@ahmed.com"},"level":"info","message":"User trying to send reset password."}
{"form":{"email":"ahmed@ahmed.com"},"level":"info","message":"User trying to send reset password."}
{"form":{"email":"ahmed@ahmed.com"},"level":"info","message":"User trying to send reset password."}
{"form":{"email":"ahmed@ahmed.com"},"level":"info","message":"User trying to send reset password."}
{"form":{"email":"ahmed@ahmed.com"},"level":"info","message":"User trying to send reset password."}
{"form":{"email":"ahmed@ahmed.com"},"level":"info","message":"User trying to send reset password."}
{"form":{"email":"ahmed@ahmed.com"},"level":"info","message":"User trying to send reset password."}
{"form":{"email":"ahmed@ahmed.com"},"level":"info","message":"User has been sent reset password email."}
{"form":{"crediential":"admin@admin.com","password":"admin","remember_me":false},"level":"info","message":"Someone trying to login."}
{"form":{"crediential":"admin@admin.com","password":"admin","remember_me":false},"level":"info","message":"Logging success."}
{"form":{"email":"ahmedahmed@ahmed.com","first_name":"ahmed","last_name":"mohamed","organization_name":"asdasdasd","country":"libya","phone_number":"09279183922","language":"ar","password":"123123123"},"level":"info","message":"Someone trying to register."}
{"organizationId":"jm2q9avk9d2fbb0","level":"info","message":"New tenant has been created."}
{"form":{"crediential":"ahmedahmed@ahmed.com","password":"123123123"},"level":"info","message":"Someone trying to login."}
{"form":{"crediential":"ahmedahmed@ahmed.com","password":"123123123"},"level":"info","message":"Logging success."}
{"form":{"email":"ahmed@ahmed.com"},"level":"info","message":"User has been sent invite user email successfuly."}
{"form":{"first_name":"ahmed","last_name":"mohamed","email":"ahmed@ahmed.com","organization_name":"asdasdasd","country":"libya","phone_number":"09279183922","language":"ar","password":"123123123"},"level":"info","message":"Someone trying to register."}
{"form":{"first_name":"ahmed","last_name":"mohamed","email":"ahmed@ahmed.com","organization_name":"asdasdasd","country":"libya","phone_number":"092791839223","language":"ar","password":"123123123"},"level":"info","message":"Someone trying to register."}
{"form":{"first_name":"ahmed","last_name":"mohamed","email":"ahmed@ahmed.com","organization_name":"asdasdasd","country":"libya","phone_number":"092791839223","language":"ar","password":"123123123"},"level":"info","message":"Someone trying to register."}
{"form":{"first_name":"ahmed","last_name":"mohamed","email":"ahmed@admin.com","organization_name":"asdasdasd","country":"libya","phone_number":"092791839233","language":"ar","password":"123123123"},"level":"info","message":"Someone trying to register."}
{"form":{"first_name":"ahmed","last_name":"mohamed","email":"ahmed@admin.com","organization_name":"asdasdasd","country":"libya","phone_number":"092791839233","language":"ar","password":"123123123"},"level":"info","message":"Someone trying to register."}
{"form":{"first_name":"ahmed","last_name":"mohamed","email":"ahmed@admin.com","organization_name":"asdasdasd","country":"libya","phone_number":"123123","language":"ar","password":"123123123"},"level":"info","message":"Someone trying to register."}
{"form":{"first_name":"ahmed","last_name":"mohamed","email":"1@1.com","organization_name":"asdasdasd","country":"libya","phone_number":"123123","language":"ar","password":"123123123"},"level":"info","message":"Someone trying to register."}
{"form":{"first_name":"ahmed","last_name":"mohamed","email":"2@2.com","organization_name":"asdasdasd","country":"libya","phone_number":"321321","language":"ar","password":"123123123"},"level":"info","message":"Someone trying to register."}
{"organizationId":"jm2qamik9d4e160","level":"info","message":"New tenant has been created."}
{"form":{"crediential":"2@2.com","password":"321321","remember_me":false},"level":"info","message":"Someone trying to login."}
{"form":{"crediential":"2@2.com","password":"123123123","remember_me":false},"level":"info","message":"Someone trying to login."}
{"form":{"crediential":"2@2.com","password":"123123123","remember_me":false},"level":"info","message":"Logging success."}
{"level":"info","message":"Attachment uploaded successfully"}
{"error":{"errno":-2,"code":"ENOENT","syscall":"unlink","path":"storage/app/public/jm2qamik9d4e160/d04ade33235ae904d16385410ddb883a"},"level":"error","message":"Delete item attachment file delete failed."}
{"level":"info","message":"Attachment uploaded successfully"}
{"level":"error","message":"Attachment file has been deleted."}
{"form":{"organization_name":"asdfadsf","first_name":"sadfasdf","last_name":"asdfasdf","email":"ahmed@ahmed.com","phone_number":"123123123213213","password":"ahmedahmed","country":"libya"},"level":"info","message":"Someone trying to register."}
{"form":{"organization_name":"asdfadsf","first_name":"sadfasdf","last_name":"asdfasdf","email":"ahmed2@ahmed.com","phone_number":"123123123213213","password":"ahmedahmed","country":"libya"},"level":"info","message":"Someone trying to register."}
{"organizationId":"7qeoll1dtk9e5plna","level":"info","message":"New tenant has been created."}
{"form":{"crediential":"admin@admin.com","password":"test"},"level":"info","message":"Someone trying to login."}
{"form":{"crediential":"admin@admin.com","password":"admin"},"level":"info","message":"Someone trying to login."}
{"form":{"crediential":"admin2@admin.com","password":"admin"},"level":"info","message":"Someone trying to login."}
{"form":{"organization_name":"test","first_name":"test","last_name":"test","email":"test@test.com","phone_number":"123123123123","password":"testtest","country":"libya"},"level":"info","message":"Someone trying to register."}
{"organizationId":"7qeoll1dtk9e6j5ip","level":"info","message":"New tenant has been created."}
{"form":{"crediential":"test@test.com","password":"testtest"},"level":"info","message":"Someone trying to login."}
{"form":{"crediential":"test@test.com","password":"testtest"},"level":"info","message":"Logging success."}
{"form":{"crediential":"test@test.com","password":"testtest"},"level":"info","message":"Someone trying to login."}
{"form":{"crediential":"test@test.com","password":"testtest"},"level":"info","message":"Logging success."}
{"form":{"crediential":"test@test.com","password":"testtest"},"level":"info","message":"Someone trying to login."}
{"form":{"crediential":"test@test.com","password":"testtest"},"level":"info","message":"Logging success."}
{"form":{"crediential":"test@test.com","password":"testtest"},"level":"info","message":"Someone trying to login."}
{"form":{"crediential":"test@test.com","password":"testtest"},"level":"info","message":"Logging success."}
{"form":{"crediential":"test@test.com","password":"testtest"},"level":"info","message":"Someone trying to login."}
{"form":{"crediential":"test@test.com","password":"testtest"},"level":"info","message":"Logging success."}
{"form":{"crediential":"test@test.com","password":"testtest"},"level":"info","message":"Someone trying to login."}
{"form":{"crediential":"test@test.com","password":"testtest"},"level":"info","message":"Logging success."}
{"form":{"crediential":"test@test.com","password":"test"},"level":"info","message":"Someone trying to login."}
{"form":{"crediential":"test@test.com","password":"testtest"},"level":"info","message":"Someone trying to login."}
{"form":{"crediential":"test@test.com","password":"testtest"},"level":"info","message":"Logging success."}
{"form":{"crediential":"test@test.com","password":"testtest"},"level":"info","message":"Someone trying to login."}
{"form":{"crediential":"test@test.com","password":"testtest"},"level":"info","message":"Logging success."}
{"form":{"crediential":"test@test.com","password":"testtest"},"level":"info","message":"Someone trying to login."}
{"form":{"crediential":"test@test.com","password":"testtest"},"level":"info","message":"Logging success."}
{"form":{"crediential":"test@test.com","password":"testtest"},"level":"info","message":"Someone trying to login."}
{"form":{"crediential":"test@test.com","password":"testtest"},"level":"info","message":"Logging success."}
{"form":{"crediential":"admin@admin.com","password":"test"},"level":"info","message":"Someone trying to login."}
{"form":{"crediential":"admin@admin.com","password":"admin"},"level":"info","message":"Someone trying to login."}
{"form":{"crediential":"test@test.com","password":"testtest"},"level":"info","message":"Someone trying to login."}
{"form":{"crediential":"test@test.com","password":"testtest"},"level":"info","message":"Logging success."}
{"form":{"crediential":"test@test.com","password":"testtest"},"level":"info","message":"Someone trying to login."}
{"form":{"crediential":"test@test.com","password":"testtest"},"level":"info","message":"Logging success."}
{"form":{"crediential":"test@test.com","password":"testtest"},"level":"info","message":"Someone trying to login."}
{"form":{"crediential":"test@test.com","password":"testtest"},"level":"info","message":"Logging success."}
{"form":{"crediential":"test@test.com","password":"testtest"},"level":"info","message":"Someone trying to login."}
{"form":{"crediential":"test@test.com","password":"testtest"},"level":"info","message":"Logging success."}
{"form":{"crediential":"test@test.com","password":"testtest"},"level":"info","message":"Someone trying to login."}
{"form":{"crediential":"test@test.com","password":"testtest"},"level":"info","message":"Logging success."}
{"form":{"crediential":"test@test.com","password":"testtest"},"level":"info","message":"Someone trying to login."}
{"form":{"crediential":"test@test.com","password":"testtest"},"level":"info","message":"Logging success."}
{"form":{"crediential":"test@test.com","password":"testtest"},"level":"info","message":"Someone trying to login."}
{"form":{"crediential":"test@test.com","password":"testtest"},"level":"info","message":"Logging success."}
{"form":{"organization_name":"asdasd","first_name":"asdasd","last_name":"asdasd","email":"ahmed@ahmed.com","phone_number":"218927918381","password":"ahmed","country":"libya"},"level":"info","message":"Someone trying to register."}
{"form":{"organization_name":"asdasd","first_name":"asdasd","last_name":"asdasd","email":"ahmed@ahmed.com","phone_number":"218927918381","password":"ahmed","country":"libya"},"level":"info","message":"Someone trying to register."}
{"form":{"organization_name":"asdasd","first_name":"asdasd","last_name":"asdasd","email":"ahmed2@ahmed.com","phone_number":"218927918381","password":"ahmed","country":"libya"},"level":"info","message":"Someone trying to register."}
{"form":{"organization_name":"asdasd","first_name":"asdasd","last_name":"asdasd","email":"admin@admin.com","phone_number":"218927918381","password":"admin","country":"libya"},"level":"info","message":"Someone trying to register."}
{"organizationId":"9isapbhmqk9g89t6d","level":"info","message":"New tenant has been created."}
{"form":{"crediential":"admin@admin.com","password":"admin"},"level":"info","message":"Someone trying to login."}
{"form":{"crediential":"admin@admin.com","password":"admin"},"level":"info","message":"Logging success."}
{"form":{"organization_name":"mohamed","first_name":"mohamed","last_name":"mohamed","email":"mohamed@mohamed.com","phone_number":"123123213123","password":"mohamed","country":"libya"},"level":"info","message":"Someone trying to register."}
{"organizationId":"9isapbih0k9g9bp80","level":"info","message":"New tenant has been created."}
{"form":{"crediential":"mohamed@mohamed.com","password":"mohamed"},"level":"info","message":"Someone trying to login."}
{"form":{"crediential":"mohamed@mohamed.com","password":"mohamed"},"level":"info","message":"Logging success."}
{"form":{"crediential":"admin@admin.com","password":"test"},"level":"info","message":"Someone trying to login."}
{"form":{"crediential":"admin@admin.com","password":"test"},"level":"info","message":"Someone trying to login."}
{"form":{"crediential":"mohamed@mohamed.com","password":"test"},"level":"info","message":"Someone trying to login."}
{"form":{"crediential":"mohamed@mohamed.com","password":"mohamed"},"level":"info","message":"Someone trying to login."}
{"form":{"crediential":"mohamed@mohamed.com","password":"mohamed"},"level":"info","message":"Logging success."}
